c:\users\admin\desktop\linx v2.1\linx v2.1.2\linx v2.1.2\linx v2.1.2\x64\debug\vc143.pdb
c:\users\admin\desktop\linx v2.1\linx v2.1.2\linx v2.1.2\linx v2.1.2\x64\debug\vc143.idb
c:\users\admin\desktop\linx v2.1\linx v2.1.2\linx v2.1.2\linx v2.1.2\x64\debug\windowmanager.obj
c:\users\admin\desktop\linx v2.1\linx v2.1.2\linx v2.1.2\linx v2.1.2\x64\debug\uimanager.obj
c:\users\admin\desktop\linx v2.1\linx v2.1.2\linx v2.1.2\linx v2.1.2\x64\debug\toggleswitch.obj
c:\users\admin\desktop\linx v2.1\linx v2.1.2\linx v2.1.2\linx v2.1.2\x64\debug\rciclient.obj
c:\users\admin\desktop\linx v2.1\linx v2.1.2\linx v2.1.2\linx v2.1.2\x64\debug\printercore.obj
c:\users\admin\desktop\linx v2.1\linx v2.1.2\linx v2.1.2\linx v2.1.2\x64\debug\modernbutton.obj
c:\users\admin\desktop\linx v2.1\linx v2.1.2\linx v2.1.2\linx v2.1.2\x64\debug\messagelogger.obj
c:\users\admin\desktop\linx v2.1\linx v2.1.2\linx v2.1.2\linx v2.1.2\x64\debug\main.obj
c:\users\admin\desktop\linx v2.1\linx v2.1.2\linx v2.1.2\linx v2.1.2\x64\debug\appcontroller.obj
c:\users\admin\desktop\linx v2.1\linx v2.1.2\linx v2.1.2\x64\debug\linx v2.1.2.exe
c:\users\admin\desktop\linx v2.1\linx v2.1.2\linx v2.1.2\x64\debug\linx v2.1.2.pdb
c:\users\admin\desktop\linx v2.1\linx v2.1.2\linx v2.1.2\linx v2.1.2\x64\debug\linx v2.1.2.ilk
c:\users\admin\desktop\linx v2.1\linx v2.1.2\linx v2.1.2\linx v2.1.2\x64\debug\linx v2.1.2.tlog\cl.command.1.tlog
c:\users\admin\desktop\linx v2.1\linx v2.1.2\linx v2.1.2\linx v2.1.2\x64\debug\linx v2.1.2.tlog\cl.items.tlog
c:\users\admin\desktop\linx v2.1\linx v2.1.2\linx v2.1.2\linx v2.1.2\x64\debug\linx v2.1.2.tlog\cl.read.1.tlog
c:\users\admin\desktop\linx v2.1\linx v2.1.2\linx v2.1.2\linx v2.1.2\x64\debug\linx v2.1.2.tlog\cl.write.1.tlog
c:\users\admin\desktop\linx v2.1\linx v2.1.2\linx v2.1.2\linx v2.1.2\x64\debug\linx v2.1.2.tlog\link.command.1.tlog
c:\users\admin\desktop\linx v2.1\linx v2.1.2\linx v2.1.2\linx v2.1.2\x64\debug\linx v2.1.2.tlog\link.read.1.tlog
c:\users\admin\desktop\linx v2.1\linx v2.1.2\linx v2.1.2\linx v2.1.2\x64\debug\linx v2.1.2.tlog\link.secondary.1.tlog
c:\users\admin\desktop\linx v2.1\linx v2.1.2\linx v2.1.2\linx v2.1.2\x64\debug\linx v2.1.2.tlog\link.write.1.tlog
